2026-04-12 21:29:00.472 [INFO ] yzarr.auth.AuthApplication               : Starting AuthApplication using Java 25.0.1 with PID 5032 (D:\Programming\Projects\yzarr-spring-boot-starter-auth\bin\main started by erna9 in D:\Programming\Projects\yzarr-spring-boot-starter-auth)
2026-04-12 21:29:00.478 [INFO ] yzarr.auth.AuthApplication               : No active profile set, falling back to 1 default profile: "default"
2026-04-12 21:29:01.705 [INFO ] .s.d.r.c.RepositoryConfigurationDelegate : Bootstrapping Spring Data JPA repositories in DEFAULT mode.
2026-04-12 21:29:01.824 [INFO ] .s.d.r.c.RepositoryConfigurationDelegate : Finished Spring Data repository scanning in 98 ms. Found 1 JPA repository interface.
2026-04-12 21:29:02.693 [INFO ] o.s.boot.tomcat.TomcatWebServer          : Tomcat initialized with port 9001 (http)
2026-04-12 21:29:02.708 [INFO ] o.a.coyote.http11.Http11NioProtocol      : Initializing ProtocolHandler ["http-nio-9001"]
2026-04-12 21:29:02.713 [INFO ] o.apache.catalina.core.StandardService   : Starting service [Tomcat]
2026-04-12 21:29:02.714 [INFO ] o.apache.catalina.core.StandardEngine    : Starting Servlet engine: [Apache Tomcat/11.0.20]
2026-04-12 21:29:02.810 [INFO ] b.w.c.s.WebApplicationContextInitializer : Root WebApplicationContext: initialization completed in 2252 ms
2026-04-12 21:29:02.858 [INFO ] yzarr.auth.config.JwtService             : JwtService initialized
2026-04-12 21:29:03.042 [INFO ] org.hibernate.orm.jpa                    : HHH008540: Processing PersistenceUnitInfo [name: default]
2026-04-12 21:29:03.114 [INFO ] org.hibernate.orm.core                   : HHH000001: Hibernate ORM core version 7.2.7.Final
2026-04-12 21:29:03.767 [INFO ] o.s.o.j.p.SpringPersistenceUnitInfo      : No LoadTimeWeaver setup: ignoring JPA class transformer
2026-04-12 21:29:03.815 [INFO ] com.zaxxer.hikari.HikariDataSource       : HikariPool-1 - Starting...
2026-04-12 21:29:04.067 [INFO ] com.zaxxer.hikari.pool.HikariPool        : HikariPool-1 - Added connection org.postgresql.jdbc.PgConnection@12532e37
2026-04-12 21:29:04.070 [INFO ] com.zaxxer.hikari.HikariDataSource       : HikariPool-1 - Start completed.
2026-04-12 21:29:04.111 [WARN ] org.hibernate.orm.deprecation            : HHH90000025: PostgreSQLDialect does not need to be specified explicitly using 'hibernate.dialect' (remove the property setting and it will be selected by default)
2026-04-12 21:29:04.164 [INFO ] org.hibernate.orm.connections.pooling    : HHH10001005: Database info:
	Database JDBC URL [jdbc:postgresql://localhost:5434/chitas]
	Database driver: PostgreSQL JDBC Driver
	Database dialect: PostgreSQLDialect
	Database version: 17.9
	Default catalog/schema: chitas/public
	Autocommit mode: undefined/unknown
	Isolation level: READ_COMMITTED [default READ_COMMITTED]
	JDBC fetch size: none
	Pool: DataSourceConnectionProvider
	Minimum pool size: undefined/unknown
	Maximum pool size: undefined/unknown
2026-04-12 21:29:05.397 [INFO ] org.hibernate.orm.core                   : HHH000182: No default (no-argument) constructor for class [yzarr.auth.model.User] (class must be instantiated by Interceptor)
2026-04-12 21:29:05.647 [INFO ] org.hibernate.orm.core                   : HHH000489: No JTA platform available (set 'hibernate.transaction.jta.platform' to enable JTA platform integration)
2026-04-12 21:29:05.779 [INFO ] j.LocalContainerEntityManagerFactoryBean : Initialized JPA EntityManagerFactory for persistence unit 'default'
2026-04-12 21:29:05.885 [INFO ] o.s.d.j.r.query.QueryEnhancerFactories   : Hibernate is in classpath; If applicable, HQL parser will be used.
2026-04-12 21:29:06.330 [WARN ] JpaBaseConfiguration$JpaWebConfiguration : spring.jpa.open-in-view is enabled by default. Therefore, database queries may be performed during view rendering. Explicitly configure spring.jpa.open-in-view to disable this warning
2026-04-12 21:29:06.451 [INFO ] eAuthenticationProviderManagerConfigurer : Global AuthenticationManager configured with AuthenticationProvider bean with name authenticationProvider
2026-04-12 21:29:06.452 [WARN ] r$InitializeUserDetailsManagerConfigurer : Global AuthenticationManager configured with an AuthenticationProvider bean. UserDetailsService beans will not be used by Spring Security for automatically configuring username/password login. Consider removing the AuthenticationProvider bean. Alternatively, consider using the UserDetailsService in a manually instantiated DaoAuthenticationProvider. If the current configuration is intentional, to turn off this warning, increase the logging level of 'org.springframework.security.config.annotation.authentication.configuration.InitializeUserDetailsBeanManagerConfigurer' to ERROR
2026-04-12 21:29:07.092 [INFO ] o.a.coyote.http11.Http11NioProtocol      : Starting ProtocolHandler ["http-nio-9001"]
2026-04-12 21:29:07.127 [INFO ] o.s.boot.tomcat.TomcatWebServer          : Tomcat started on port 9001 (http) with context path '/'
2026-04-12 21:29:07.141 [INFO ] yzarr.auth.AuthApplication               : Started AuthApplication in 7.502 seconds (process running for 8.151)
2026-04-12 21:29:37.181 [INFO ] o.s.boot.tomcat.GracefulShutdown         : Commencing graceful shutdown. Waiting for active requests to complete
2026-04-12 21:29:37.204 [INFO ] o.s.boot.tomcat.GracefulShutdown         : Graceful shutdown complete
2026-04-12 21:29:37.215 [INFO ] j.LocalContainerEntityManagerFactoryBean : Closing JPA EntityManagerFactory for persistence unit 'default'
2026-04-12 21:29:37.220 [INFO ] com.zaxxer.hikari.HikariDataSource       : HikariPool-1 - Shutdown initiated...
2026-04-12 21:29:37.233 [INFO ] com.zaxxer.hikari.HikariDataSource       : HikariPool-1 - Shutdown completed.
